app/build/intermediates/manifest_merge_blame_file/release/manifest-merger-blame-release-report.txt
1<?xml version="1.0" encoding="utf-8"?>
2<manifest xmlns:android="http://schemas.android.com/apk/res/android"
3    package="com.example.tubes_pbp"
4    android:versionCode="1"
5    android:versionName="1.0" >
6
7    <uses-sdk
8        android:minSdkVersion="26"
8-->src\main\AndroidManifest.xml
9        android:targetSdkVersion="29" />
9-->src\main\AndroidManifest.xml
10
11    <application
11-->src\main\AndroidManifest.xml:5:5-21:19
12        android:allowBackup="true"
12-->src\main\AndroidManifest.xml:6:13-39
13        android:appComponentFactory="androidx.core.app.CoreComponentFactory"
13-->[androidx.core:core:1.0.1] AndroidManifest.xml:22:18-86
14        android:icon="@mipmap/ic_launcher"
14-->src\main\AndroidManifest.xml:7:13-47
15        android:label="@string/app_name"
15-->src\main\AndroidManifest.xml:8:13-45
16        android:roundIcon="@mipmap/ic_launcher_round"
16-->src\main\AndroidManifest.xml:9:13-58
17        android:supportsRtl="true"
17-->src\main\AndroidManifest.xml:10:13-39
18        android:theme="@style/AppTheme" >
18-->src\main\AndroidManifest.xml:11:13-44
19        <activity android:name="com.example.tubes_pbp.Home_Panel" >
19-->src\main\AndroidManifest.xml:12:9-18:20
19-->src\main\AndroidManifest.xml:12:19-45
20            <intent-filter>
20-->src\main\AndroidManifest.xml:13:13-17:29
21                <action android:name="android.intent.action.MAIN" />
21-->src\main\AndroidManifest.xml:14:17-68
21-->src\main\AndroidManifest.xml:14:25-66
22
23                <category android:name="android.intent.category.LAUNCHER" />
23-->src\main\AndroidManifest.xml:16:17-76
23-->src\main\AndroidManifest.xml:16:27-74
24            </intent-filter>
25        </activity>
26        <activity android:name="com.example.tubes_pbp.Login_Panel" />
26-->src\main\AndroidManifest.xml:19:9-58
26-->src\main\AndroidManifest.xml:19:19-46
27        <activity android:name="com.example.tubes_pbp.Register_Panel" />
27-->src\main\AndroidManifest.xml:20:9-61
27-->src\main\AndroidManifest.xml:20:19-49
28    </application>
29
30</manifest>